INFO 2021-11-07T16:19:09.876 Start Starting CacheService impl CacheService
INFO 2021-11-07T16:19:09.877 OnStart CacheService starting.
DEBUG 2021-11-07T16:19:09.877 Tick CacheService tick.
DEBUG 2021-11-07T16:19:09.877 Tick CacheService purged 0 stale items this round.
INFO 2021-11-07T16:19:09.908 func1 Serving bsc evm compatible bridge API at http://127.0.0.1:8080
DEBUG 2021-11-07T16:35:08.977 func1 Caching page: /v1/erc-721-swap-pairs?available=true for 20ms
DEBUG 2021-11-07T16:35:08.978 Set MemoryStore: Set a new item with key: %!m(string=/v1/erc-721-swap-pairs?available=true)s
DEBUG 2021-11-07T16:35:10.326 Get MemoryStore: Expiring stale item with key: %!m(string=/v1/erc-721-swap-pairs?available=true)s
DEBUG 2021-11-07T16:35:10.330 func1 Caching page: /v1/erc-721-swap-pairs?available=true for 20ms
DEBUG 2021-11-07T16:35:10.330 Set MemoryStore: Set a new item with key: %!m(string=/v1/erc-721-swap-pairs?available=true)s
DEBUG 2021-11-07T16:35:11.049 Get MemoryStore: Expiring stale item with key: %!m(string=/v1/erc-721-swap-pairs?available=true)s
DEBUG 2021-11-07T16:35:11.052 func1 Caching page: /v1/erc-721-swap-pairs?available=true for 20ms
DEBUG 2021-11-07T16:35:11.052 Set MemoryStore: Set a new item with key: %!m(string=/v1/erc-721-swap-pairs?available=true)s
INFO 2021-11-07T16:35:42.901 func1 Shutting down... 
INFO 2021-11-07T16:35:42.902 func1 Stopped serving bsc evm compatible bridge API at http://127.0.0.1:8080
INFO 2021-11-07T16:35:44.311 Start Starting CacheService impl CacheService
INFO 2021-11-07T16:35:44.312 OnStart CacheService starting.
DEBUG 2021-11-07T16:35:44.312 Tick CacheService tick.
DEBUG 2021-11-07T16:35:44.312 Tick CacheService purged 0 stale items this round.
INFO 2021-11-07T16:35:44.320 func1 Serving bsc evm compatible bridge API at http://127.0.0.1:8080
DEBUG 2021-11-07T16:35:45.885 func1 Caching page: /v1/erc-721-swap-pairs?available=true for 20ms
DEBUG 2021-11-07T16:35:45.885 Set MemoryStore: Set a new item with key: %!m(string=/v1/erc-721-swap-pairs?available=true)s
DEBUG 2021-11-07T16:35:47.692 Get MemoryStore: Expiring stale item with key: /v1/erc-721-swap-pairs?available=true
DEBUG 2021-11-07T16:35:47.696 func1 Caching page: /v1/erc-721-swap-pairs?available=true for 20ms
DEBUG 2021-11-07T16:35:47.696 Set MemoryStore: Set a new item with key: %!m(string=/v1/erc-721-swap-pairs?available=true)s
DEBUG 2021-11-07T16:36:02.395 func1 Caching page: /v1/erc-721-swap-pairs?available=true&state=creation_tx_confirmed for 20ms
DEBUG 2021-11-07T16:36:02.396 Set MemoryStore: Set a new item with key: %!m(string=/v1/erc-721-swap-pairs?available=true&state=creation_tx_confirmed)s
DEBUG 2021-11-07T16:36:08.316 func1 Caching page: /v1/erc-721-swap-pairs?available=true&state=registration_ongoing for 20ms
DEBUG 2021-11-07T16:36:08.316 Set MemoryStore: Set a new item with key: %!m(string=/v1/erc-721-swap-pairs?available=true&state=registration_ongoing)s
DEBUG 2021-11-07T16:36:12.007 Get MemoryStore: Expiring stale item with key: /v1/erc-721-swap-pairs?available=true&state=creation_tx_confirmed
DEBUG 2021-11-07T16:36:12.010 func1 Caching page: /v1/erc-721-swap-pairs?available=true&state=creation_tx_confirmed for 20ms
DEBUG 2021-11-07T16:36:12.010 Set MemoryStore: Set a new item with key: %!m(string=/v1/erc-721-swap-pairs?available=true&state=creation_tx_confirmed)s
DEBUG 2021-11-07T16:36:22.353 func1 Caching page: /v1/erc-721-swap-pairs?available=true&dst_chain_id=1 for 20ms
DEBUG 2021-11-07T16:36:22.353 Set MemoryStore: Set a new item with key: %!m(string=/v1/erc-721-swap-pairs?available=true&dst_chain_id=1)s
DEBUG 2021-11-07T16:36:24.771 func1 Caching page: /v1/erc-721-swap-pairs?available=true&dst_chain_id=200 for 20ms
DEBUG 2021-11-07T16:36:24.771 Set MemoryStore: Set a new item with key: %!m(string=/v1/erc-721-swap-pairs?available=true&dst_chain_id=200)s
DEBUG 2021-11-07T16:36:27.153 func1 Caching page: /v1/erc-721-swap-pairs?available=true&dst_chain_id=2000 for 20ms
DEBUG 2021-11-07T16:36:27.153 Set MemoryStore: Set a new item with key: %!m(string=/v1/erc-721-swap-pairs?available=true&dst_chain_id=2000)s
INFO 2021-11-07T16:36:44.850 func1 Shutting down... 
INFO 2021-11-07T16:36:44.851 func1 Stopped serving bsc evm compatible bridge API at http://127.0.0.1:8080
INFO 2021-11-07T16:36:45.982 Start Starting CacheService impl CacheService
INFO 2021-11-07T16:36:45.982 OnStart CacheService starting.
DEBUG 2021-11-07T16:36:45.982 Tick CacheService tick.
DEBUG 2021-11-07T16:36:45.982 Tick CacheService purged 0 stale items this round.
INFO 2021-11-07T16:36:45.986 func1 Serving bsc evm compatible bridge API at http://127.0.0.1:8080
DEBUG 2021-11-07T16:36:47.172 func1 Caching page: /v1/erc-721-swap-pairs?available=true&dst_chain_id=2000 for 20ms
DEBUG 2021-11-07T16:36:47.172 Set MemoryStore: Set a new item with key: %!m(string=/v1/erc-721-swap-pairs?available=true&dst_chain_id=2000)
DEBUG 2021-11-07T16:36:49.014 Get MemoryStore: Expiring stale item with key: /v1/erc-721-swap-pairs?available=true&dst_chain_id=2000
DEBUG 2021-11-07T16:36:49.019 func1 Caching page: /v1/erc-721-swap-pairs?available=true&dst_chain_id=2000 for 20ms
DEBUG 2021-11-07T16:36:49.020 Set MemoryStore: Set a new item with key: %!m(string=/v1/erc-721-swap-pairs?available=true&dst_chain_id=2000)
INFO 2021-11-07T16:36:56.247 func1 Shutting down... 
INFO 2021-11-07T16:36:56.247 func1 Stopped serving bsc evm compatible bridge API at http://127.0.0.1:8080
INFO 2021-11-07T16:36:57.337 Start Starting CacheService impl CacheService
INFO 2021-11-07T16:36:57.337 OnStart CacheService starting.
DEBUG 2021-11-07T16:36:57.337 Tick CacheService tick.
DEBUG 2021-11-07T16:36:57.337 Tick CacheService purged 0 stale items this round.
INFO 2021-11-07T16:36:57.342 func1 Serving bsc evm compatible bridge API at http://127.0.0.1:8080
DEBUG 2021-11-07T16:36:57.936 func1 Caching page: /v1/erc-721-swap-pairs?available=true&dst_chain_id=2000 for 20ms
DEBUG 2021-11-07T16:36:57.936 Set MemoryStore: Set a new item with key: /v1/erc-721-swap-pairs?available=true&dst_chain_id=2000
DEBUG 2021-11-07T16:36:58.976 Get MemoryStore: Expiring stale item with key: /v1/erc-721-swap-pairs?available=true&dst_chain_id=2000
DEBUG 2021-11-07T16:36:58.983 func1 Caching page: /v1/erc-721-swap-pairs?available=true&dst_chain_id=2000 for 20ms
DEBUG 2021-11-07T16:36:58.983 Set MemoryStore: Set a new item with key: /v1/erc-721-swap-pairs?available=true&dst_chain_id=2000
INFO 2021-11-07T16:37:25.262 func1 Shutting down... 
INFO 2021-11-07T16:37:25.263 func1 Stopped serving bsc evm compatible bridge API at http://127.0.0.1:8080
